2025-02-19 11:46:50 Error: [MissingControllerException] Controller class Whoami.phpController could not be found.
Exception Attributes: array (
  'class' => 'Whoami.phpController',
  'plugin' => NULL,
)
Request URL: /cakephp/whoami.php
Stack Trace:
#0 E:\xampp\htdocs\cakephp\app\webroot\index.php(117): Dispatcher->dispatch(Object(CakeRequest), Object(CakeResponse))
#1 {main}
2025-02-19 11:56:37 Error: [MissingActionException] Action AppController::tmp() could not be found.
Exception Attributes: array (
  'controller' => 'AppController',
  'action' => 'tmp',
)
Request URL: /cakephp/app/tmp/test.txt.txt
Stack Trace:
#0 E:\xampp\htdocs\cakephp\lib\Cake\Routing\Dispatcher.php(193): Controller->invokeAction(Object(CakeRequest))
#1 E:\xampp\htdocs\cakephp\lib\Cake\Routing\Dispatcher.php(167): Dispatcher->_invoke(Object(AppController), Object(CakeRequest))
#2 E:\xampp\htdocs\cakephp\app\webroot\index.php(117): Dispatcher->dispatch(Object(CakeRequest), Object(CakeResponse))
#3 {main}
2025-02-20 12:09:56 Error: [MissingActionException] Action AppController::Controller() could not be found.
Exception Attributes: array (
  'controller' => 'AppController',
  'action' => 'Controller',
)
Request URL: /cakephp/app/Controller/PostsController.php
Stack Trace:
#0 E:\xampp\htdocs\cakephp\lib\Cake\Routing\Dispatcher.php(193): Controller->invokeAction(Object(CakeRequest))
#1 E:\xampp\htdocs\cakephp\lib\Cake\Routing\Dispatcher.php(167): Dispatcher->_invoke(Object(AppController), Object(CakeRequest))
#2 E:\xampp\htdocs\cakephp\app\webroot\index.php(117): Dispatcher->dispatch(Object(CakeRequest), Object(CakeResponse))
#3 {main}
2025-02-20 12:10:11 Error: [MissingActionException] Action AppController::Controller() could not be found.
Exception Attributes: array (
  'controller' => 'AppController',
  'action' => 'Controller',
)
Request URL: /cakephp/app/Controller/
Stack Trace:
#0 E:\xampp\htdocs\cakephp\lib\Cake\Routing\Dispatcher.php(193): Controller->invokeAction(Object(CakeRequest))
#1 E:\xampp\htdocs\cakephp\lib\Cake\Routing\Dispatcher.php(167): Dispatcher->_invoke(Object(AppController), Object(CakeRequest))
#2 E:\xampp\htdocs\cakephp\app\webroot\index.php(117): Dispatcher->dispatch(Object(CakeRequest), Object(CakeResponse))
#3 {main}
2025-02-20 12:10:16 Error: [MissingActionException] Action AppController::Controller() could not be found.
Exception Attributes: array (
  'controller' => 'AppController',
  'action' => 'Controller',
)
Request URL: /cakephp/app/Controller/
Stack Trace:
#0 E:\xampp\htdocs\cakephp\lib\Cake\Routing\Dispatcher.php(193): Controller->invokeAction(Object(CakeRequest))
#1 E:\xampp\htdocs\cakephp\lib\Cake\Routing\Dispatcher.php(167): Dispatcher->_invoke(Object(AppController), Object(CakeRequest))
#2 E:\xampp\htdocs\cakephp\app\webroot\index.php(117): Dispatcher->dispatch(Object(CakeRequest), Object(CakeResponse))
#3 {main}
2025-02-20 12:10:20 Error: [MissingActionException] Action AppController::index() could not be found.
Exception Attributes: array (
  'controller' => 'AppController',
  'action' => 'index',
)
Request URL: /cakephp/app/
Stack Trace:
#0 E:\xampp\htdocs\cakephp\lib\Cake\Routing\Dispatcher.php(193): Controller->invokeAction(Object(CakeRequest))
#1 E:\xampp\htdocs\cakephp\lib\Cake\Routing\Dispatcher.php(167): Dispatcher->_invoke(Object(AppController), Object(CakeRequest))
#2 E:\xampp\htdocs\cakephp\app\webroot\index.php(117): Dispatcher->dispatch(Object(CakeRequest), Object(CakeResponse))
#3 {main}
2025-02-20 12:10:33 Error: [MissingActionException] Action AppController::index() could not be found.
Exception Attributes: array (
  'controller' => 'AppController',
  'action' => 'index',
)
Request URL: /cakephp/app/
Stack Trace:
#0 E:\xampp\htdocs\cakephp\lib\Cake\Routing\Dispatcher.php(193): Controller->invokeAction(Object(CakeRequest))
#1 E:\xampp\htdocs\cakephp\lib\Cake\Routing\Dispatcher.php(167): Dispatcher->_invoke(Object(AppController), Object(CakeRequest))
#2 E:\xampp\htdocs\cakephp\app\webroot\index.php(117): Dispatcher->dispatch(Object(CakeRequest), Object(CakeResponse))
#3 {main}
2025-02-23 07:42:42 Error: [MissingActionException] Action AppController::View() could not be found.
Exception Attributes: array (
  'controller' => 'AppController',
  'action' => 'View',
)
Request URL: /cakephp/app/View/Posts/index.ctp
Stack Trace:
#0 E:\xampp\htdocs\cakephp\lib\Cake\Routing\Dispatcher.php(193): Controller->invokeAction(Object(CakeRequest))
#1 E:\xampp\htdocs\cakephp\lib\Cake\Routing\Dispatcher.php(167): Dispatcher->_invoke(Object(AppController), Object(CakeRequest))
#2 E:\xampp\htdocs\cakephp\app\webroot\index.php(117): Dispatcher->dispatch(Object(CakeRequest), Object(CakeResponse))
#3 {main}
2025-02-23 07:49:30 Error: [MissingActionException] Action AppController::View() could not be found.
Exception Attributes: array (
  'controller' => 'AppController',
  'action' => 'View',
)
Request URL: /cakephp/app/View/Posts/index.ctp
Stack Trace:
#0 E:\xampp\htdocs\cakephp\lib\Cake\Routing\Dispatcher.php(193): Controller->invokeAction(Object(CakeRequest))
#1 E:\xampp\htdocs\cakephp\lib\Cake\Routing\Dispatcher.php(167): Dispatcher->_invoke(Object(AppController), Object(CakeRequest))
#2 E:\xampp\htdocs\cakephp\app\webroot\index.php(117): Dispatcher->dispatch(Object(CakeRequest), Object(CakeResponse))
#3 {main}
2025-02-23 07:49:31 Error: [MissingActionException] Action AppController::View() could not be found.
Exception Attributes: array (
  'controller' => 'AppController',
  'action' => 'View',
)
Request URL: /cakephp/app/View/Posts/index.ctp
Stack Trace:
#0 E:\xampp\htdocs\cakephp\lib\Cake\Routing\Dispatcher.php(193): Controller->invokeAction(Object(CakeRequest))
#1 E:\xampp\htdocs\cakephp\lib\Cake\Routing\Dispatcher.php(167): Dispatcher->_invoke(Object(AppController), Object(CakeRequest))
#2 E:\xampp\htdocs\cakephp\app\webroot\index.php(117): Dispatcher->dispatch(Object(CakeRequest), Object(CakeResponse))
#3 {main}
2025-02-23 07:49:31 Error: [MissingActionException] Action AppController::View() could not be found.
Exception Attributes: array (
  'controller' => 'AppController',
  'action' => 'View',
)
Request URL: /cakephp/app/View/Posts/index.ctp
Stack Trace:
#0 E:\xampp\htdocs\cakephp\lib\Cake\Routing\Dispatcher.php(193): Controller->invokeAction(Object(CakeRequest))
#1 E:\xampp\htdocs\cakephp\lib\Cake\Routing\Dispatcher.php(167): Dispatcher->_invoke(Object(AppController), Object(CakeRequest))
#2 E:\xampp\htdocs\cakephp\app\webroot\index.php(117): Dispatcher->dispatch(Object(CakeRequest), Object(CakeResponse))
#3 {main}
2025-02-23 07:49:32 Error: [MissingActionException] Action AppController::View() could not be found.
Exception Attributes: array (
  'controller' => 'AppController',
  'action' => 'View',
)
Request URL: /cakephp/app/View/Posts/index.ctp
Stack Trace:
#0 E:\xampp\htdocs\cakephp\lib\Cake\Routing\Dispatcher.php(193): Controller->invokeAction(Object(CakeRequest))
#1 E:\xampp\htdocs\cakephp\lib\Cake\Routing\Dispatcher.php(167): Dispatcher->_invoke(Object(AppController), Object(CakeRequest))
#2 E:\xampp\htdocs\cakephp\app\webroot\index.php(117): Dispatcher->dispatch(Object(CakeRequest), Object(CakeResponse))
#3 {main}
2025-02-23 07:49:32 Error: [MissingActionException] Action AppController::View() could not be found.
Exception Attributes: array (
  'controller' => 'AppController',
  'action' => 'View',
)
Request URL: /cakephp/app/View/Posts/index.ctp
Stack Trace:
#0 E:\xampp\htdocs\cakephp\lib\Cake\Routing\Dispatcher.php(193): Controller->invokeAction(Object(CakeRequest))
#1 E:\xampp\htdocs\cakephp\lib\Cake\Routing\Dispatcher.php(167): Dispatcher->_invoke(Object(AppController), Object(CakeRequest))
#2 E:\xampp\htdocs\cakephp\app\webroot\index.php(117): Dispatcher->dispatch(Object(CakeRequest), Object(CakeResponse))
#3 {main}
2025-02-23 07:49:32 Error: [MissingActionException] Action AppController::View() could not be found.
Exception Attributes: array (
  'controller' => 'AppController',
  'action' => 'View',
)
Request URL: /cakephp/app/View/Posts/index.ctp
Stack Trace:
#0 E:\xampp\htdocs\cakephp\lib\Cake\Routing\Dispatcher.php(193): Controller->invokeAction(Object(CakeRequest))
#1 E:\xampp\htdocs\cakephp\lib\Cake\Routing\Dispatcher.php(167): Dispatcher->_invoke(Object(AppController), Object(CakeRequest))
#2 E:\xampp\htdocs\cakephp\app\webroot\index.php(117): Dispatcher->dispatch(Object(CakeRequest), Object(CakeResponse))
#3 {main}
2025-02-23 07:49:37 Error: [MissingActionException] Action AppController::View() could not be found.
Exception Attributes: array (
  'controller' => 'AppController',
  'action' => 'View',
)
Request URL: /cakephp/app/View/Posts/index.ctp
Stack Trace:
#0 E:\xampp\htdocs\cakephp\lib\Cake\Routing\Dispatcher.php(193): Controller->invokeAction(Object(CakeRequest))
#1 E:\xampp\htdocs\cakephp\lib\Cake\Routing\Dispatcher.php(167): Dispatcher->_invoke(Object(AppController), Object(CakeRequest))
#2 E:\xampp\htdocs\cakephp\app\webroot\index.php(117): Dispatcher->dispatch(Object(CakeRequest), Object(CakeResponse))
#3 {main}
2025-02-23 07:53:30 Error: [MissingActionException] Action AppController::View() could not be found.
Exception Attributes: array (
  'controller' => 'AppController',
  'action' => 'View',
)
Request URL: /cakephp/app/View/Posts/index.ctp
Stack Trace:
#0 E:\xampp\htdocs\cakephp\lib\Cake\Routing\Dispatcher.php(193): Controller->invokeAction(Object(CakeRequest))
#1 E:\xampp\htdocs\cakephp\lib\Cake\Routing\Dispatcher.php(167): Dispatcher->_invoke(Object(AppController), Object(CakeRequest))
#2 E:\xampp\htdocs\cakephp\app\webroot\index.php(117): Dispatcher->dispatch(Object(CakeRequest), Object(CakeResponse))
#3 {main}
2025-02-23 07:53:31 Error: [MissingActionException] Action AppController::View() could not be found.
Exception Attributes: array (
  'controller' => 'AppController',
  'action' => 'View',
)
Request URL: /cakephp/app/View/Posts/index.ctp
Stack Trace:
#0 E:\xampp\htdocs\cakephp\lib\Cake\Routing\Dispatcher.php(193): Controller->invokeAction(Object(CakeRequest))
#1 E:\xampp\htdocs\cakephp\lib\Cake\Routing\Dispatcher.php(167): Dispatcher->_invoke(Object(AppController), Object(CakeRequest))
#2 E:\xampp\htdocs\cakephp\app\webroot\index.php(117): Dispatcher->dispatch(Object(CakeRequest), Object(CakeResponse))
#3 {main}
2025-02-23 07:56:58 Error: [ArgumentCountError] Too few arguments to function PostsController::view(), 0 passed and exactly 1 expected
Request URL: /cakephp/posts/view/
Stack Trace:
#0 [internal function]: PostsController->view()
#1 E:\xampp\htdocs\cakephp\lib\Cake\Controller\Controller.php(499): ReflectionMethod->invokeArgs(Object(PostsController), Array)
#2 E:\xampp\htdocs\cakephp\lib\Cake\Routing\Dispatcher.php(193): Controller->invokeAction(Object(CakeRequest))
#3 E:\xampp\htdocs\cakephp\lib\Cake\Routing\Dispatcher.php(167): Dispatcher->_invoke(Object(PostsController), Object(CakeRequest))
#4 E:\xampp\htdocs\cakephp\app\webroot\index.php(117): Dispatcher->dispatch(Object(CakeRequest), Object(CakeResponse))
#5 {main}
2025-02-23 07:57:02 Error: [ArgumentCountError] Too few arguments to function PostsController::view(), 0 passed and exactly 1 expected
Request URL: /cakephp/posts/view
Stack Trace:
#0 [internal function]: PostsController->view()
#1 E:\xampp\htdocs\cakephp\lib\Cake\Controller\Controller.php(499): ReflectionMethod->invokeArgs(Object(PostsController), Array)
#2 E:\xampp\htdocs\cakephp\lib\Cake\Routing\Dispatcher.php(193): Controller->invokeAction(Object(CakeRequest))
#3 E:\xampp\htdocs\cakephp\lib\Cake\Routing\Dispatcher.php(167): Dispatcher->_invoke(Object(PostsController), Object(CakeRequest))
#4 E:\xampp\htdocs\cakephp\app\webroot\index.php(117): Dispatcher->dispatch(Object(CakeRequest), Object(CakeResponse))
#5 {main}
